mode: atomic
volcano.sh/volcano/test/e2e/jobp/admission.go:37.72,39.51 1 4
volcano.sh/volcano/test/e2e/jobp/admission.go:65.2,65.39 1 4
volcano.sh/volcano/test/e2e/jobp/admission.go:112.2,112.42 1 4
volcano.sh/volcano/test/e2e/jobp/admission.go:160.2,160.51 1 4
volcano.sh/volcano/test/e2e/jobp/admission.go:186.2,186.51 1 4
volcano.sh/volcano/test/e2e/jobp/admission.go:213.2,213.64 1 4
volcano.sh/volcano/test/e2e/jobp/admission.go:256.2,256.72 1 4
volcano.sh/volcano/test/e2e/jobp/admission.go:299.2,299.39 1 4
volcano.sh/volcano/test/e2e/jobp/admission.go:366.2,366.80 1 4
volcano.sh/volcano/test/e2e/jobp/admission.go:431.2,431.81 1 4
volcano.sh/volcano/test/e2e/jobp/admission.go:484.2,484.88 1 4
volcano.sh/volcano/test/e2e/jobp/admission.go:527.2,527.69 1 4
volcano.sh/volcano/test/e2e/jobp/admission.go:573.2,573.66 1 4
volcano.sh/volcano/test/e2e/jobp/admission.go:617.2,617.75 1 4
volcano.sh/volcano/test/e2e/jobp/admission.go:660.2,660.71 1 4
volcano.sh/volcano/test/e2e/jobp/admission.go:704.2,704.67 1 4
volcano.sh/volcano/test/e2e/jobp/admission.go:726.2,726.71 1 4
volcano.sh/volcano/test/e2e/jobp/admission.go:769.2,769.72 1 4
volcano.sh/volcano/test/e2e/jobp/admission.go:813.2,813.82 1 4
volcano.sh/volcano/test/e2e/jobp/admission.go:863.2,863.90 1 4
volcano.sh/volcano/test/e2e/jobp/admission.go:911.2,911.75 1 4
volcano.sh/volcano/test/e2e/jobp/admission.go:960.2,960.69 1 4
volcano.sh/volcano/test/e2e/jobp/admission.go:1009.2,1009.68 1 4
volcano.sh/volcano/test/e2e/jobp/admission.go:1058.2,1058.92 1 4
volcano.sh/volcano/test/e2e/jobp/admission.go:1111.2,1111.75 1 4
volcano.sh/volcano/test/e2e/jobp/admission.go:1159.2,1159.77 1 4
volcano.sh/volcano/test/e2e/jobp/admission.go:1212.2,1212.101 1 4
volcano.sh/volcano/test/e2e/jobp/admission.go:1260.2,1260.101 1 4
volcano.sh/volcano/test/e2e/jobp/admission.go:1308.2,1308.68 1 4
volcano.sh/volcano/test/e2e/jobp/admission.go:1352.2,1352.80 1 4
volcano.sh/volcano/test/e2e/jobp/admission.go:1398.2,1398.65 1 4
volcano.sh/volcano/test/e2e/jobp/admission.go:39.51,63.3 8 1
volcano.sh/volcano/test/e2e/jobp/admission.go:65.39,110.3 8 1
volcano.sh/volcano/test/e2e/jobp/admission.go:112.42,158.3 8 1
volcano.sh/volcano/test/e2e/jobp/admission.go:160.51,184.3 8 1
volcano.sh/volcano/test/e2e/jobp/admission.go:186.51,211.3 8 1
volcano.sh/volcano/test/e2e/jobp/admission.go:213.64,254.3 14 1
volcano.sh/volcano/test/e2e/jobp/admission.go:256.72,297.3 10 1
volcano.sh/volcano/test/e2e/jobp/admission.go:299.39,364.3 12 1
volcano.sh/volcano/test/e2e/jobp/admission.go:366.80,429.3 8 1
volcano.sh/volcano/test/e2e/jobp/admission.go:431.81,482.3 8 1
volcano.sh/volcano/test/e2e/jobp/admission.go:484.88,525.3 8 1
volcano.sh/volcano/test/e2e/jobp/admission.go:527.69,571.3 8 1
volcano.sh/volcano/test/e2e/jobp/admission.go:573.66,615.3 8 1
volcano.sh/volcano/test/e2e/jobp/admission.go:617.75,658.3 8 1
volcano.sh/volcano/test/e2e/jobp/admission.go:660.71,702.3 8 1
volcano.sh/volcano/test/e2e/jobp/admission.go:704.67,724.3 8 1
volcano.sh/volcano/test/e2e/jobp/admission.go:726.71,767.3 8 1
volcano.sh/volcano/test/e2e/jobp/admission.go:769.72,811.3 8 1
volcano.sh/volcano/test/e2e/jobp/admission.go:813.82,861.3 8 1
volcano.sh/volcano/test/e2e/jobp/admission.go:863.90,909.3 8 1
volcano.sh/volcano/test/e2e/jobp/admission.go:911.75,958.3 8 1
volcano.sh/volcano/test/e2e/jobp/admission.go:960.69,1007.3 8 1
volcano.sh/volcano/test/e2e/jobp/admission.go:1009.68,1056.3 8 1
volcano.sh/volcano/test/e2e/jobp/admission.go:1058.92,1109.3 8 1
volcano.sh/volcano/test/e2e/jobp/admission.go:1111.75,1157.3 8 1
volcano.sh/volcano/test/e2e/jobp/admission.go:1159.77,1210.3 8 1
volcano.sh/volcano/test/e2e/jobp/admission.go:1212.101,1258.3 8 1
volcano.sh/volcano/test/e2e/jobp/admission.go:1260.101,1306.3 8 1
volcano.sh/volcano/test/e2e/jobp/admission.go:1308.68,1350.3 8 1
volcano.sh/volcano/test/e2e/jobp/admission.go:1352.80,1396.3 8 1
volcano.sh/volcano/test/e2e/jobp/admission.go:1398.65,1417.54 7 1
volcano.sh/volcano/test/e2e/jobp/admission.go:1422.3,1424.47 3 1
volcano.sh/volcano/test/e2e/jobp/admission.go:1417.54,1421.4 3 1
volcano.sh/volcano/test/e2e/jobp/job_controlled_resource.go:33.56,34.41 1 4
volcano.sh/volcano/test/e2e/jobp/job_controlled_resource.go:139.2,139.73 1 4
volcano.sh/volcano/test/e2e/jobp/job_controlled_resource.go:34.41,137.3 24 1
volcano.sh/volcano/test/e2e/jobp/job_controlled_resource.go:139.73,185.50 11 1
volcano.sh/volcano/test/e2e/jobp/job_controlled_resource.go:185.50,189.4 3 3
volcano.sh/volcano/test/e2e/jobp/job_lifecycle.go:34.43,35.48 1 4
volcano.sh/volcano/test/e2e/jobp/job_lifecycle.go:66.2,66.48 1 4
volcano.sh/volcano/test/e2e/jobp/job_lifecycle.go:96.2,96.50 1 4
volcano.sh/volcano/test/e2e/jobp/job_lifecycle.go:128.2,128.45 1 4
volcano.sh/volcano/test/e2e/jobp/job_lifecycle.go:166.2,166.49 1 4
volcano.sh/volcano/test/e2e/jobp/job_lifecycle.go:204.2,204.58 1 4
volcano.sh/volcano/test/e2e/jobp/job_lifecycle.go:243.2,243.49 1 4
volcano.sh/volcano/test/e2e/jobp/job_lifecycle.go:271.2,271.63 1 4
volcano.sh/volcano/test/e2e/jobp/job_lifecycle.go:35.48,64.3 11 1
volcano.sh/volcano/test/e2e/jobp/job_lifecycle.go:66.48,94.3 11 1
volcano.sh/volcano/test/e2e/jobp/job_lifecycle.go:96.50,126.3 11 1
volcano.sh/volcano/test/e2e/jobp/job_lifecycle.go:128.45,164.3 11 1
volcano.sh/volcano/test/e2e/jobp/job_lifecycle.go:166.49,202.3 11 1
volcano.sh/volcano/test/e2e/jobp/job_lifecycle.go:204.58,241.3 11 1
volcano.sh/volcano/test/e2e/jobp/job_lifecycle.go:243.49,269.3 5 1
volcano.sh/volcano/test/e2e/jobp/job_lifecycle.go:271.63,318.3 7 1
volcano.sh/volcano/test/e2e/jobp/job_scale_up_down.go:33.58,34.24 1 4
volcano.sh/volcano/test/e2e/jobp/job_scale_up_down.go:90.2,90.26 1 4
volcano.sh/volcano/test/e2e/jobp/job_scale_up_down.go:148.2,148.47 1 4
volcano.sh/volcano/test/e2e/jobp/job_scale_up_down.go:34.24,88.3 23 1
volcano.sh/volcano/test/e2e/jobp/job_scale_up_down.go:90.26,146.3 25 1
volcano.sh/volcano/test/e2e/jobp/job_scale_up_down.go:148.47,221.3 35 1
volcano.sh/volcano/test/e2e/jobp/min_success.go:27.46,28.27 1 4
volcano.sh/volcano/test/e2e/jobp/min_success.go:28.27,67.3 12 1
volcano.sh/volcano/test/e2e/jobp/pg_controller.go:31.60,32.56 1 4
volcano.sh/volcano/test/e2e/jobp/pg_controller.go:86.2,86.72 1 4
volcano.sh/volcano/test/e2e/jobp/pg_controller.go:32.56,84.3 14 1
volcano.sh/volcano/test/e2e/jobp/pg_controller.go:86.72,137.3 14 1